<?xml version="1.0" encoding="UTF-8"?>
<!-- Generated by org.testng.reporters.JUnitReportReporter -->
<testsuite hostname="Asus" failures="0" tests="3" name="Tests.CountWorldPopulation" time="108.170" errors="0" timestamp="2024-10-25T16:12:47 IST" skipped="0">
  <testcase classname="Tests.CountWorldPopulation" name="getCurrentWorldPupulation" time="21.296"/>
  <testcase classname="Tests.CountWorldPopulation" name="getTodaysPopoulation" time="41.979"/>
  <testcase classname="Tests.CountWorldPopulation" name="getThisYearsPopulation" time="44.895"/>
</testsuite> <!-- Tests.CountWorldPopulation -->
